16:45:00 08/15/20 - fetch-all-repos.sh - /Users/sidbaskaran/Desktop/coding-projects/LASAlle-1.0 fetched
16:45:00 08/15/20 - fetch-all-repos.sh - /Users/sidbaskaran/Desktop/coding-projects/SATIATX.github.io fetched
16:45:01 08/15/20 - fetch-all-repos.sh - /Users/sidbaskaran/Desktop/coding-projects/chemical-balancer fetched
16:45:01 08/15/20 - fetch-all-repos.sh - /Users/sidbaskaran/Desktop/coding-projects/chemical-compounds fetched
16:45:02 08/15/20 - fetch-all-repos.sh - /Users/sidbaskaran/Desktop/coding-projects/lasa-scio.github.io fetched
16:45:03 08/15/20 - fetch-all-repos.sh - /Users/sidbaskaran/Desktop/coding-projects/matrix-solver fetched
16:45:03 08/15/20 - fetch-all-repos.sh - /Users/sidbaskaran/Desktop/coding-projects/python-scripts fetched
16:45:03 08/15/20 - fetch-all-repos.sh - /Users/sidbaskaran/Desktop/coding-projects/sidnb13.github.io fetched
16:45:04 08/15/20 - fetch-all-repos.sh - /Users/sidbaskaran/Desktop/uil-java fetched
16:45:05 08/15/20 - fetch-all-repos.sh - /Users/sidbaskaran/Desktop/utility-scripts/spotify-ad-killer fetched
17:00:00 08/15/20 - fetch-all-repos.sh - /Users/sidbaskaran/Desktop/coding-projects/LASAlle-1.0 fetched
17:00:01 08/15/20 - fetch-all-repos.sh - /Users/sidbaskaran/Desktop/coding-projects/SATIATX.github.io fetched
17:00:01 08/15/20 - fetch-all-repos.sh - /Users/sidbaskaran/Desktop/coding-projects/chemical-balancer fetched
17:00:02 08/15/20 - fetch-all-repos.sh - /Users/sidbaskaran/Desktop/coding-projects/chemical-compounds fetched
17:00:03 08/15/20 - fetch-all-repos.sh - /Users/sidbaskaran/Desktop/coding-projects/lasa-scio.github.io fetched
17:00:03 08/15/20 - fetch-all-repos.sh - /Users/sidbaskaran/Desktop/coding-projects/matrix-solver fetched
17:00:03 08/15/20 - fetch-all-repos.sh - /Users/sidbaskaran/Desktop/coding-projects/python-scripts fetched
17:00:04 08/15/20 - fetch-all-repos.sh - /Users/sidbaskaran/Desktop/coding-projects/sidnb13.github.io fetched
17:00:05 08/15/20 - fetch-all-repos.sh - /Users/sidbaskaran/Desktop/uil-java fetched
17:00:05 08/15/20 - fetch-all-repos.sh - /Users/sidbaskaran/Desktop/utility-scripts/spotify-ad-killer fetched
17:00:06 08/15/20 - fetch-all-repos.sh - /Users/sidbaskaran/Desktop/utility-scripts fetched
18:00:01 08/15/20 - fetch-all-repos.sh - /Users/sidbaskaran/Desktop/coding-projects/LASAlle-1.0 fetched
18:00:01 08/15/20 - fetch-all-repos.sh - /Users/sidbaskaran/Desktop/coding-projects/SATIATX.github.io fetched
18:00:02 08/15/20 - fetch-all-repos.sh - /Users/sidbaskaran/Desktop/coding-projects/chemical-balancer fetched
18:00:02 08/15/20 - fetch-all-repos.sh - /Users/sidbaskaran/Desktop/coding-projects/chemical-compounds fetched
18:00:04 08/15/20 - fetch-all-repos.sh - /Users/sidbaskaran/Desktop/coding-projects/lasa-scio.github.io fetched
18:00:04 08/15/20 - fetch-all-repos.sh - /Users/sidbaskaran/Desktop/coding-projects/matrix-solver fetched
18:00:04 08/15/20 - fetch-all-repos.sh - /Users/sidbaskaran/Desktop/coding-projects/python-scripts fetched
18:00:05 08/15/20 - fetch-all-repos.sh - /Users/sidbaskaran/Desktop/coding-projects/sidnb13.github.io fetched
18:00:06 08/15/20 - fetch-all-repos.sh - /Users/sidbaskaran/Desktop/uil-java fetched
18:00:06 08/15/20 - fetch-all-repos.sh - /Users/sidbaskaran/Desktop/utility-scripts/spotify-ad-killer fetched
18:00:07 08/15/20 - fetch-all-repos.sh - /Users/sidbaskaran/Desktop/utility-scripts fetched
19:00:01 08/15/20 - fetch-all-repos.sh - /Users/sidbaskaran/Desktop/coding-projects/LASAlle-1.0 fetched
19:00:02 08/15/20 - fetch-all-repos.sh - /Users/sidbaskaran/Desktop/coding-projects/SATIATX.github.io fetched
19:00:03 08/15/20 - fetch-all-repos.sh - /Users/sidbaskaran/Desktop/coding-projects/chemical-balancer fetched
19:00:04 08/15/20 - fetch-all-repos.sh - /Users/sidbaskaran/Desktop/coding-projects/chemical-compounds fetched
19:00:06 08/15/20 - fetch-all-repos.sh - /Users/sidbaskaran/Desktop/coding-projects/lasa-scio.github.io fetched
19:00:07 08/15/20 - fetch-all-repos.sh - /Users/sidbaskaran/Desktop/coding-projects/matrix-solver fetched
19:00:08 08/15/20 - fetch-all-repos.sh - /Users/sidbaskaran/Desktop/coding-projects/sidnb13.github.io fetched
19:00:09 08/15/20 - fetch-all-repos.sh - /Users/sidbaskaran/Desktop/utility-scripts/spotify-ad-killer fetched
19:00:10 08/15/20 - fetch-all-repos.sh - /Users/sidbaskaran/Desktop/utility-scripts fetched
